<?xml version="1.0" encoding="UTF-8"?>
<!-- Generated by org.testng.reporters.JUnitReportReporter -->
<testsuite hostname="DESKTOP-L74G382" failures="0" tests="2" name="com.testcase2.VerifyLogin" time="9.045" errors="0" timestamp="2023-09-20T23:16:04 IST" skipped="0">
  <testcase classname="com.testcase2.VerifyLogin" name="verifyLogin" time="2.230"/>
  <testcase classname="com.testcase2.VerifyLogin" name="login" time="6.815"/>
</testsuite> <!-- com.testcase2.VerifyLogin -->
