<?xml version="1.0" encoding="UTF-8"?>
<!-- Generated by org.testng.reporters.JUnitReportReporter -->
<testsuite hostname="DESKTOP-L74G382" failures="0" tests="1" name="com.testcase1.Login" time="8.067" errors="0" timestamp="2023-09-20T23:04:23 IST" skipped="0">
  <testcase classname="com.testcase1.Login" name="login" time="8.067"/>
</testsuite> <!-- com.testcase1.Login -->
